PM-LOW-ALT-ICELAND Assimilation Log File
4/13/2012 10:17:01 AM ReFormat88  Survey Id: PM-LOW-ALT-ICELAND
PM-LOW-ALT-ICELAND: Input file Converted to MAG88T.



4/13/2012 10:30:03 AM  pm-low-alt-iceland.m88t
  Deleted MAG88T (input) Rec# 300: PM-LOW-ALT-ICELAND 66.1899 -20.7644


154815 Records Output
0 Record Field Values Edited
1 Records Deleted
0 Records Created


4/13/2012 10:30:49 AM  pm-low-alt-iceland.m88t
  Deleted MAG88T (input) Rec# 24547: PM-LOW-ALT-ICELAND 66.1899 -20.7644


154814 Records Output
0 Record Field Values Edited
1 Records Deleted
0 Records Created


4/13/2012 10:40:58 AM  pm-low-alt-iceland.m88t
  Deleted MAG88T (input) Rec# 23217: PM-LOW-ALT-ICELAND 66.8957 -9.3327
  Deleted MAG88T (input) Rec# 74804: PM-LOW-ALT-ICELAND 68.7178 -15.5021
  Deleted MAG88T (input) Rec# 120084: PM-LOW-ALT-ICELAND 66.8957 -9.3327


154811 Records Output
0 Record Field Values Edited
3 Records Deleted
0 Records Created

Geo-Plot log for pm-low-alt-iceland: 2025/06/12
C:\Users\24167\Downloads\pm-low-alt-iceland\data\mag88t\pm-low-alt-iceland.m88t: 154811 Records Input

Geo-Plot log for pm-low-alt-iceland: 2025/06/12
C:\Users\24167\Downloads\pm-low-alt-iceland\data\mag88t\pm-low-alt-iceland.m88t: 154811 Records Input
